Your branch is up to date with 'origin/master'.
HEAD is now at 3540596 build file: guide_FR_24042025_05_36.xmltv
Your branch is up to date with 'origin/master'.
HEAD is now at 242a8f7 Fix: XML-TV-Fr - run command
Your branch is up to date with 'origin/master'.
Current branch master is up to date.
[36m[CHARGEMENT] [39mChargement du fichier de config
[36m[CHARGEMENT] [39mListe des paramètres : [95m(days) [39m=> [33m8[39m, [95m(cache_max_days) [39m=> [33m8[39m, [95m(output_path) [39m=> [33mvar/export/[39m, [95m(time_limit) [39m=> [33m[39m, [95m(memory_limit) [39m=> [33m-1[39m, [95m(delete_raw_xml) [39m=> [33mfalse[39m, [95m(enable_gz) [39m=> [33mtrue[39m, [95m(enable_xz) [39m=> [33mfalse[39m, [95m(enable_zip) [39m=> [33mtrue[39m, [95m(xml_cache_days) [39m=> [33m5[39m, [95m(enable_dummy) [39m=> [33mfalse[39m, [95m(custom_priority_orders) [39m=> [33m[][39m, [95m(guides_to_generate) [39m=> [33m[{"channels":"config\/channels.json","filename":"xmltv.xml"}][39m, [95m(7zip_path) [39m=> [33m[39m, [95m(force_todays_grab) [39m=> [33mfalse[39m, 
[31mFailed to configure Virgin Plus provider: Unknown error
[0mOs: "Linux"
grabber_dir : /home/mohammed/dev/epg/grabbers/XML-TV-Fr
grabber_run_cmd : php /home/mohammed/dev/epg/grabbers/XML-TV-Fr/manager.php export
xmltv_files_dir : /home/mohammed/dev/epg/xmltv_files
runner_dir : /home/mohammed/dev/epg/grab-runners
out_dir : /home/mohammed/dev/epg/grabbers/XML-TV-Fr/var/export
archives_dir : /home/mohammed/dev/epg/grabbers/XML-TV-Fr/var/export/archives
XMLTV  (Racacax) .............................................................................. Begin
.......................................................................... step 1: Resync with github
resync with Git repository done
.........................................................................................step 2: init
saving "channels.json" as "channels.old.json" on Grabber config directory ...

done.
(force) update runners and configs from Git repository ...

done.
copying "channels.json" file to Grabber config directory ...
done.
copying "config.json" file to Grabber config directory ...

done.
everything is alright, nothing to do

........................................................................................ step 3: Grabing
update xmltv grabber from racacax Git repository ...

done.
Grabing error ....................................... [KO]
XMLTV   ....................................................................................... end
